2019-04-15 00:16:49,934 [Worker-7] INFO  o.e.m.c.i.l.LifecycleMappingFactory - Using org.eclipse.m2e.jdt.JarLifecycleMapping lifecycle mapping for MavenProject: com-frankdevhub-site:baidu-seo-sitemap:0.0.1-SNAPSHOT @ C:\Users\Administrator\Desktop\githubblog\frankdevhub.github.io\baidu-seo-sitemap\pom.xml.
2019-04-15 00:16:50,421 [Worker-7] INFO  o.e.m.c.i.p.ProjectConfigurationManager - Imported and configured 1 project(s) in 14 sec
2019-04-15 00:17:18,097 [Worker-10] INFO  o.e.m.i.discovery.MavenDiscovery - No lifecyle mapping found at jar:file:/C:/Users/ADMINI~1/AppData/Local/Temp/RemoteBundleDiscoveryStrategy7583006830475695755.tmp/org.eclipse.m2e.discovery.oss_catalog_1.6.jar_532709736876569146.jar!/lifecycle%2Forg.eclipse.m2e.discovery.lifecyclemapping.m2e-egit.xml
2019-04-15 00:17:18,098 [Worker-10] WARN  o.e.m.i.discovery.MavenDiscovery - CatalogItem org.eclipse.m2e.discovery.lifecyclemapping.m2e-egit does not contain lifecycle mapping metadata
2019-04-15 00:17:18,100 [Worker-10] INFO  o.e.m.i.discovery.MavenDiscovery - No lifecyle mapping found at jar:file:/C:/Users/ADMINI~1/AppData/Local/Temp/RemoteBundleDiscoveryStrategy7583006830475695755.tmp/org.eclipse.m2e.discovery.oss_catalog_1.6.jar_532709736876569146.jar!/lifecycle%2Forg.eclipse.m2e.discovery.lifecyclemapping.m2e-subversive.xml
2019-04-15 00:17:18,100 [Worker-10] WARN  o.e.m.i.discovery.MavenDiscovery - CatalogItem org.eclipse.m2e.discovery.lifecyclemapping.m2e-subversive does not contain lifecycle mapping metadata
2019-04-15 00:17:19,029 [Worker-7] INFO  o.e.m.c.i.embedder.EclipseLogger - Using 'UTF-8' encoding to copy filtered resources.
2019-04-15 00:17:19,030 [Worker-7] INFO  o.e.m.c.i.embedder.EclipseLogger - skip non existing resourceDirectory C:\Users\Administrator\Desktop\githubblog\frankdevhub.github.io\baidu-seo-sitemap\src\main\resources
2019-04-15 00:17:19,033 [Worker-7] INFO  o.e.m.c.i.embedder.EclipseLogger - Using 'UTF-8' encoding to copy filtered resources.
2019-04-15 00:17:19,033 [Worker-7] INFO  o.e.m.c.i.embedder.EclipseLogger - skip non existing resourceDirectory C:\Users\Administrator\Desktop\githubblog\frankdevhub.github.io\baidu-seo-sitemap\src\test\resources
2019-04-15 00:18:15,154 [Worker-11] INFO  o.e.m.c.i.embedder.EclipseLogger - Using 'UTF-8' encoding to copy filtered resources.
2019-04-15 00:18:15,154 [Worker-11] INFO  o.e.m.c.i.embedder.EclipseLogger - skip non existing resourceDirectory C:\Users\Administrator\Desktop\githubblog\frankdevhub.github.io\baidu-seo-sitemap\src\main\resources
2019-04-15 00:18:15,161 [Worker-11] INFO  o.e.m.c.i.embedder.EclipseLogger - Using 'UTF-8' encoding to copy filtered resources.
2019-04-15 00:18:15,162 [Worker-11] INFO  o.e.m.c.i.embedder.EclipseLogger - skip non existing resourceDirectory C:\Users\Administrator\Desktop\githubblog\frankdevhub.github.io\baidu-seo-sitemap\src\test\resources
2019-04-15 00:18:51,094 [Worker-15] INFO  o.e.m.c.i.embedder.EclipseLogger - Using 'UTF-8' encoding to copy filtered resources.
2019-04-15 00:18:51,095 [Worker-15] INFO  o.e.m.c.i.embedder.EclipseLogger - skip non existing resourceDirectory C:\Users\Administrator\Desktop\githubblog\frankdevhub.github.io\baidu-seo-sitemap\src\main\resources
2019-04-15 00:18:51,098 [Worker-15] INFO  o.e.m.c.i.embedder.EclipseLogger - Using 'UTF-8' encoding to copy filtered resources.
2019-04-15 00:18:51,099 [Worker-15] INFO  o.e.m.c.i.embedder.EclipseLogger - skip non existing resourceDirectory C:\Users\Administrator\Desktop\githubblog\frankdevhub.github.io\baidu-seo-sitemap\src\test\resources
2019-04-15 00:19:50,089 [Worker-9] INFO  o.e.m.c.i.l.LifecycleMappingFactory - Using org.eclipse.m2e.jdt.JarLifecycleMapping lifecycle mapping for MavenProject: com-frankdevhub-site:baidu-seo-sitemap:0.0.1-SNAPSHOT @ C:\Users\Administrator\Desktop\githubblog\frankdevhub.github.io\baidu-seo-sitemap\pom.xml.
2019-04-15 00:19:50,772 [Worker-14] INFO  o.e.m.c.i.embedder.EclipseLogger - Using 'UTF-8' encoding to copy filtered resources.
2019-04-15 00:19:50,773 [Worker-14] INFO  o.e.m.c.i.embedder.EclipseLogger - skip non existing resourceDirectory C:\Users\Administrator\Desktop\githubblog\frankdevhub.github.io\baidu-seo-sitemap\src\main\resources
2019-04-15 00:19:50,776 [Worker-14] INFO  o.e.m.c.i.embedder.EclipseLogger - Using 'UTF-8' encoding to copy filtered resources.
2019-04-15 00:19:50,777 [Worker-14] INFO  o.e.m.c.i.embedder.EclipseLogger - skip non existing resourceDirectory C:\Users\Administrator\Desktop\githubblog\frankdevhub.github.io\baidu-seo-sitemap\src\test\resources
2019-04-15 00:20:18,483 [Worker-6] INFO  o.e.m.c.i.l.LifecycleMappingFactory - Using org.eclipse.m2e.jdt.JarLifecycleMapping lifecycle mapping for MavenProject: com-frankdevhub-site:baidu-seo-sitemap:0.0.1-SNAPSHOT @ C:\Users\Administrator\Desktop\githubblog\frankdevhub.github.io\baidu-seo-sitemap\pom.xml.
2019-04-15 00:20:19,236 [Worker-18] INFO  o.e.m.c.i.embedder.EclipseLogger - Using 'UTF-8' encoding to copy filtered resources.
2019-04-15 00:20:19,237 [Worker-18] INFO  o.e.m.c.i.embedder.EclipseLogger - skip non existing resourceDirectory C:\Users\Administrator\Desktop\githubblog\frankdevhub.github.io\baidu-seo-sitemap\src\main\resources
2019-04-15 00:20:19,239 [Worker-18] INFO  o.e.m.c.i.embedder.EclipseLogger - Using 'UTF-8' encoding to copy filtered resources.
2019-04-15 00:20:19,239 [Worker-18] INFO  o.e.m.c.i.embedder.EclipseLogger - skip non existing resourceDirectory C:\Users\Administrator\Desktop\githubblog\frankdevhub.github.io\baidu-seo-sitemap\src\test\resources
2019-04-15 00:20:35,764 [Worker-12] INFO  o.e.m.c.i.p.ProjectConfigurationManager - Update started
2019-04-15 00:20:36,254 [Worker-12] INFO  o.e.m.c.i.l.LifecycleMappingFactory - Using org.eclipse.m2e.jdt.JarLifecycleMapping lifecycle mapping for MavenProject: com-frankdevhub-site:baidu-seo-sitemap:0.0.1-SNAPSHOT @ C:\Users\Administrator\Desktop\githubblog\frankdevhub.github.io\baidu-seo-sitemap\pom.xml.
2019-04-15 00:20:36,454 [Worker-12] INFO  o.e.m.j.i.AbstractJavaProjectConfigurator - Adding source folder /baidu-seo-sitemap/src/main/java
2019-04-15 00:20:36,456 [Worker-12] INFO  o.e.m.j.i.AbstractJavaProjectConfigurator - Adding source folder /baidu-seo-sitemap/src/test/java
2019-04-15 00:20:36,706 [Worker-12] INFO  o.e.m.c.i.p.ProjectConfigurationManager - Update completed: 0 sec
2019-04-15 00:20:37,079 [Worker-9] INFO  o.e.m.c.i.embedder.EclipseLogger - Using 'UTF-8' encoding to copy filtered resources.
2019-04-15 00:20:37,079 [Worker-9] INFO  o.e.m.c.i.embedder.EclipseLogger - skip non existing resourceDirectory C:\Users\Administrator\Desktop\githubblog\frankdevhub.github.io\baidu-seo-sitemap\src\main\resources
2019-04-15 00:20:37,081 [Worker-9] INFO  o.e.m.c.i.embedder.EclipseLogger - Using 'UTF-8' encoding to copy filtered resources.
2019-04-15 00:20:37,082 [Worker-9] INFO  o.e.m.c.i.embedder.EclipseLogger - skip non existing resourceDirectory C:\Users\Administrator\Desktop\githubblog\frankdevhub.github.io\baidu-seo-sitemap\src\test\resources
2019-04-15 00:20:49,271 [Worker-9] INFO  o.e.m.c.i.embedder.EclipseLogger - Using 'UTF-8' encoding to copy filtered resources.
2019-04-15 00:20:49,272 [Worker-9] INFO  o.e.m.c.i.embedder.EclipseLogger - skip non existing resourceDirectory C:\Users\Administrator\Desktop\githubblog\frankdevhub.github.io\baidu-seo-sitemap\src\main\resources
2019-04-15 00:20:49,276 [Worker-9] INFO  o.e.m.c.i.embedder.EclipseLogger - Using 'UTF-8' encoding to copy filtered resources.
2019-04-15 00:20:49,277 [Worker-9] INFO  o.e.m.c.i.embedder.EclipseLogger - skip non existing resourceDirectory C:\Users\Administrator\Desktop\githubblog\frankdevhub.github.io\baidu-seo-sitemap\src\test\resources
2019-04-15 00:22:50,274 [Worker-17] INFO  o.e.m.c.i.embedder.EclipseLogger - Using 'UTF-8' encoding to copy filtered resources.
2019-04-15 00:22:50,274 [Worker-17] INFO  o.e.m.c.i.embedder.EclipseLogger - skip non existing resourceDirectory C:\Users\Administrator\Desktop\githubblog\frankdevhub.github.io\baidu-seo-sitemap\src\main\resources
2019-04-15 00:22:50,276 [Worker-17] INFO  o.e.m.c.i.embedder.EclipseLogger - Using 'UTF-8' encoding to copy filtered resources.
2019-04-15 00:22:50,277 [Worker-17] INFO  o.e.m.c.i.embedder.EclipseLogger - skip non existing resourceDirectory C:\Users\Administrator\Desktop\githubblog\frankdevhub.github.io\baidu-seo-sitemap\src\test\resources
2019-04-15 00:22:56,047 [Worker-10] INFO  o.e.m.c.i.embedder.EclipseLogger - Using 'UTF-8' encoding to copy filtered resources.
2019-04-15 00:22:56,049 [Worker-10] INFO  o.e.m.c.i.embedder.EclipseLogger - skip non existing resourceDirectory C:\Users\Administrator\Desktop\githubblog\frankdevhub.github.io\baidu-seo-sitemap\src\main\resources
2019-04-15 00:22:56,051 [Worker-10] INFO  o.e.m.c.i.embedder.EclipseLogger - Using 'UTF-8' encoding to copy filtered resources.
2019-04-15 00:22:56,052 [Worker-10] INFO  o.e.m.c.i.embedder.EclipseLogger - skip non existing resourceDirectory C:\Users\Administrator\Desktop\githubblog\frankdevhub.github.io\baidu-seo-sitemap\src\test\resources
2019-04-15 00:32:16,248 [Worker-20] INFO  o.e.m.c.i.embedder.EclipseLogger - Using 'UTF-8' encoding to copy filtered resources.
2019-04-15 00:32:16,250 [Worker-20] INFO  o.e.m.c.i.embedder.EclipseLogger - skip non existing resourceDirectory C:\Users\Administrator\Desktop\githubblog\frankdevhub.github.io\baidu-seo-sitemap\src\main\resources
2019-04-15 00:32:16,252 [Worker-20] INFO  o.e.m.c.i.embedder.EclipseLogger - Using 'UTF-8' encoding to copy filtered resources.
2019-04-15 00:32:16,253 [Worker-20] INFO  o.e.m.c.i.embedder.EclipseLogger - skip non existing resourceDirectory C:\Users\Administrator\Desktop\githubblog\frankdevhub.github.io\baidu-seo-sitemap\src\test\resources
2019-04-15 00:32:29,085 [Worker-23] INFO  o.e.m.c.i.embedder.EclipseLogger - Using 'UTF-8' encoding to copy filtered resources.
2019-04-15 00:32:29,085 [Worker-23] INFO  o.e.m.c.i.embedder.EclipseLogger - skip non existing resourceDirectory C:\Users\Administrator\Desktop\githubblog\frankdevhub.github.io\baidu-seo-sitemap\src\main\resources
2019-04-15 00:32:29,087 [Worker-23] INFO  o.e.m.c.i.embedder.EclipseLogger - Using 'UTF-8' encoding to copy filtered resources.
2019-04-15 00:32:29,087 [Worker-23] INFO  o.e.m.c.i.embedder.EclipseLogger - skip non existing resourceDirectory C:\Users\Administrator\Desktop\githubblog\frankdevhub.github.io\baidu-seo-sitemap\src\test\resources
2019-04-15 00:32:58,849 [Worker-24] INFO  o.e.m.c.i.embedder.EclipseLogger - Using 'UTF-8' encoding to copy filtered resources.
2019-04-15 00:32:58,853 [Worker-24] INFO  o.e.m.c.i.embedder.EclipseLogger - skip non existing resourceDirectory C:\Users\Administrator\Desktop\githubblog\frankdevhub.github.io\baidu-seo-sitemap\src\main\resources
2019-04-15 00:32:58,855 [Worker-24] INFO  o.e.m.c.i.embedder.EclipseLogger - Using 'UTF-8' encoding to copy filtered resources.
2019-04-15 00:32:58,855 [Worker-24] INFO  o.e.m.c.i.embedder.EclipseLogger - skip non existing resourceDirectory C:\Users\Administrator\Desktop\githubblog\frankdevhub.github.io\baidu-seo-sitemap\src\test\resources
2019-04-15 00:34:42,858 [Worker-22] INFO  o.e.m.c.i.embedder.EclipseLogger - Using 'UTF-8' encoding to copy filtered resources.
2019-04-15 00:34:42,859 [Worker-22] INFO  o.e.m.c.i.embedder.EclipseLogger - skip non existing resourceDirectory C:\Users\Administrator\Desktop\githubblog\frankdevhub.github.io\baidu-seo-sitemap\src\main\resources
2019-04-15 00:34:42,862 [Worker-22] INFO  o.e.m.c.i.embedder.EclipseLogger - Using 'UTF-8' encoding to copy filtered resources.
2019-04-15 00:34:42,862 [Worker-22] INFO  o.e.m.c.i.embedder.EclipseLogger - skip non existing resourceDirectory C:\Users\Administrator\Desktop\githubblog\frankdevhub.github.io\baidu-seo-sitemap\src\test\resources
2019-04-15 00:34:55,035 [Worker-24] INFO  o.e.m.c.i.embedder.EclipseLogger - Using 'UTF-8' encoding to copy filtered resources.
2019-04-15 00:34:55,036 [Worker-24] INFO  o.e.m.c.i.embedder.EclipseLogger - skip non existing resourceDirectory C:\Users\Administrator\Desktop\githubblog\frankdevhub.github.io\baidu-seo-sitemap\src\main\resources
2019-04-15 00:34:55,039 [Worker-24] INFO  o.e.m.c.i.embedder.EclipseLogger - Using 'UTF-8' encoding to copy filtered resources.
2019-04-15 00:34:55,040 [Worker-24] INFO  o.e.m.c.i.embedder.EclipseLogger - skip non existing resourceDirectory C:\Users\Administrator\Desktop\githubblog\frankdevhub.github.io\baidu-seo-sitemap\src\test\resources
2019-04-15 00:37:19,399 [Worker-26] INFO  o.e.m.c.i.embedder.EclipseLogger - Using 'UTF-8' encoding to copy filtered resources.
2019-04-15 00:37:19,400 [Worker-26] INFO  o.e.m.c.i.embedder.EclipseLogger - skip non existing resourceDirectory C:\Users\Administrator\Desktop\githubblog\frankdevhub.github.io\baidu-seo-sitemap\src\main\resources
2019-04-15 00:37:19,401 [Worker-26] INFO  o.e.m.c.i.embedder.EclipseLogger - Using 'UTF-8' encoding to copy filtered resources.
2019-04-15 00:37:19,402 [Worker-26] INFO  o.e.m.c.i.embedder.EclipseLogger - skip non existing resourceDirectory C:\Users\Administrator\Desktop\githubblog\frankdevhub.github.io\baidu-seo-sitemap\src\test\resources
2019-04-15 00:37:24,963 [Worker-28] INFO  o.e.m.c.i.embedder.EclipseLogger - Using 'UTF-8' encoding to copy filtered resources.
2019-04-15 00:37:24,963 [Worker-28] INFO  o.e.m.c.i.embedder.EclipseLogger - skip non existing resourceDirectory C:\Users\Administrator\Desktop\githubblog\frankdevhub.github.io\baidu-seo-sitemap\src\main\resources
2019-04-15 00:37:24,966 [Worker-28] INFO  o.e.m.c.i.embedder.EclipseLogger - Using 'UTF-8' encoding to copy filtered resources.
2019-04-15 00:37:24,969 [Worker-28] INFO  o.e.m.c.i.embedder.EclipseLogger - skip non existing resourceDirectory C:\Users\Administrator\Desktop\githubblog\frankdevhub.github.io\baidu-seo-sitemap\src\test\resources
2019-04-15 00:37:38,317 [Worker-28] INFO  o.e.m.c.i.embedder.EclipseLogger - Using 'UTF-8' encoding to copy filtered resources.
2019-04-15 00:37:38,318 [Worker-28] INFO  o.e.m.c.i.embedder.EclipseLogger - skip non existing resourceDirectory C:\Users\Administrator\Desktop\githubblog\frankdevhub.github.io\baidu-seo-sitemap\src\main\resources
2019-04-15 00:37:38,320 [Worker-28] INFO  o.e.m.c.i.embedder.EclipseLogger - Using 'UTF-8' encoding to copy filtered resources.
2019-04-15 00:37:38,320 [Worker-28] INFO  o.e.m.c.i.embedder.EclipseLogger - skip non existing resourceDirectory C:\Users\Administrator\Desktop\githubblog\frankdevhub.github.io\baidu-seo-sitemap\src\test\resources
2019-04-15 00:37:52,333 [Worker-28] INFO  o.e.m.c.i.embedder.EclipseLogger - Using 'UTF-8' encoding to copy filtered resources.
2019-04-15 00:37:52,334 [Worker-28] INFO  o.e.m.c.i.embedder.EclipseLogger - skip non existing resourceDirectory C:\Users\Administrator\Desktop\githubblog\frankdevhub.github.io\baidu-seo-sitemap\src\main\resources
2019-04-15 00:37:52,335 [Worker-28] INFO  o.e.m.c.i.embedder.EclipseLogger - Using 'UTF-8' encoding to copy filtered resources.
2019-04-15 00:37:52,336 [Worker-28] INFO  o.e.m.c.i.embedder.EclipseLogger - skip non existing resourceDirectory C:\Users\Administrator\Desktop\githubblog\frankdevhub.github.io\baidu-seo-sitemap\src\test\resources
2019-04-15 00:38:05,634 [Worker-22] INFO  o.e.m.c.i.embedder.EclipseLogger - Using 'UTF-8' encoding to copy filtered resources.
2019-04-15 00:38:05,634 [Worker-22] INFO  o.e.m.c.i.embedder.EclipseLogger - skip non existing resourceDirectory C:\Users\Administrator\Desktop\githubblog\frankdevhub.github.io\baidu-seo-sitemap\src\main\resources
2019-04-15 00:38:05,635 [Worker-22] INFO  o.e.m.c.i.embedder.EclipseLogger - Using 'UTF-8' encoding to copy filtered resources.
2019-04-15 00:38:05,636 [Worker-22] INFO  o.e.m.c.i.embedder.EclipseLogger - skip non existing resourceDirectory C:\Users\Administrator\Desktop\githubblog\frankdevhub.github.io\baidu-seo-sitemap\src\test\resources
2019-04-15 00:38:18,532 [Worker-24] INFO  o.e.m.c.i.embedder.EclipseLogger - Using 'UTF-8' encoding to copy filtered resources.
2019-04-15 00:38:18,533 [Worker-24] INFO  o.e.m.c.i.embedder.EclipseLogger - skip non existing resourceDirectory C:\Users\Administrator\Desktop\githubblog\frankdevhub.github.io\baidu-seo-sitemap\src\main\resources
2019-04-15 00:38:18,534 [Worker-24] INFO  o.e.m.c.i.embedder.EclipseLogger - Using 'UTF-8' encoding to copy filtered resources.
2019-04-15 00:38:18,535 [Worker-24] INFO  o.e.m.c.i.embedder.EclipseLogger - skip non existing resourceDirectory C:\Users\Administrator\Desktop\githubblog\frankdevhub.github.io\baidu-seo-sitemap\src\test\resources
2019-04-15 00:38:39,797 [Worker-28] INFO  o.e.m.c.i.embedder.EclipseLogger - Using 'UTF-8' encoding to copy filtered resources.
2019-04-15 00:38:39,797 [Worker-28] INFO  o.e.m.c.i.embedder.EclipseLogger - skip non existing resourceDirectory C:\Users\Administrator\Desktop\githubblog\frankdevhub.github.io\baidu-seo-sitemap\src\main\resources
2019-04-15 00:38:39,801 [Worker-28] INFO  o.e.m.c.i.embedder.EclipseLogger - Using 'UTF-8' encoding to copy filtered resources.
2019-04-15 00:38:39,806 [Worker-28] INFO  o.e.m.c.i.embedder.EclipseLogger - skip non existing resourceDirectory C:\Users\Administrator\Desktop\githubblog\frankdevhub.github.io\baidu-seo-sitemap\src\test\resources
2019-04-15 00:38:44,588 [Worker-24] INFO  o.e.m.c.i.embedder.EclipseLogger - Using 'UTF-8' encoding to copy filtered resources.
2019-04-15 00:38:44,588 [Worker-24] INFO  o.e.m.c.i.embedder.EclipseLogger - skip non existing resourceDirectory C:\Users\Administrator\Desktop\githubblog\frankdevhub.github.io\baidu-seo-sitemap\src\main\resources
2019-04-15 00:38:44,592 [Worker-24] INFO  o.e.m.c.i.embedder.EclipseLogger - Using 'UTF-8' encoding to copy filtered resources.
2019-04-15 00:38:44,593 [Worker-24] INFO  o.e.m.c.i.embedder.EclipseLogger - skip non existing resourceDirectory C:\Users\Administrator\Desktop\githubblog\frankdevhub.github.io\baidu-seo-sitemap\src\test\resources
2019-04-15 00:38:51,174 [Worker-26] INFO  o.e.m.c.i.embedder.EclipseLogger - Using 'UTF-8' encoding to copy filtered resources.
2019-04-15 00:38:51,175 [Worker-26] INFO  o.e.m.c.i.embedder.EclipseLogger - skip non existing resourceDirectory C:\Users\Administrator\Desktop\githubblog\frankdevhub.github.io\baidu-seo-sitemap\src\main\resources
2019-04-15 00:38:51,176 [Worker-26] INFO  o.e.m.c.i.embedder.EclipseLogger - Using 'UTF-8' encoding to copy filtered resources.
2019-04-15 00:38:51,177 [Worker-26] INFO  o.e.m.c.i.embedder.EclipseLogger - skip non existing resourceDirectory C:\Users\Administrator\Desktop\githubblog\frankdevhub.github.io\baidu-seo-sitemap\src\test\resources
2019-04-15 00:39:16,406 [Worker-26] INFO  o.e.m.c.i.embedder.EclipseLogger - Using 'UTF-8' encoding to copy filtered resources.
2019-04-15 00:39:16,407 [Worker-26] INFO  o.e.m.c.i.embedder.EclipseLogger - skip non existing resourceDirectory C:\Users\Administrator\Desktop\githubblog\frankdevhub.github.io\baidu-seo-sitemap\src\main\resources
2019-04-15 00:39:16,409 [Worker-26] INFO  o.e.m.c.i.embedder.EclipseLogger - Using 'UTF-8' encoding to copy filtered resources.
2019-04-15 00:39:16,410 [Worker-26] INFO  o.e.m.c.i.embedder.EclipseLogger - skip non existing resourceDirectory C:\Users\Administrator\Desktop\githubblog\frankdevhub.github.io\baidu-seo-sitemap\src\test\resources
2019-04-15 00:39:21,500 [Worker-27] INFO  o.e.m.c.i.embedder.EclipseLogger - Using 'UTF-8' encoding to copy filtered resources.
2019-04-15 00:39:21,500 [Worker-27] INFO  o.e.m.c.i.embedder.EclipseLogger - skip non existing resourceDirectory C:\Users\Administrator\Desktop\githubblog\frankdevhub.github.io\baidu-seo-sitemap\src\main\resources
2019-04-15 00:39:21,502 [Worker-27] INFO  o.e.m.c.i.embedder.EclipseLogger - Using 'UTF-8' encoding to copy filtered resources.
2019-04-15 00:39:21,502 [Worker-27] INFO  o.e.m.c.i.embedder.EclipseLogger - skip non existing resourceDirectory C:\Users\Administrator\Desktop\githubblog\frankdevhub.github.io\baidu-seo-sitemap\src\test\resources
2019-04-15 00:39:41,851 [Worker-24] INFO  o.e.m.c.i.embedder.EclipseLogger - Using 'UTF-8' encoding to copy filtered resources.
2019-04-15 00:39:41,852 [Worker-24] INFO  o.e.m.c.i.embedder.EclipseLogger - skip non existing resourceDirectory C:\Users\Administrator\Desktop\githubblog\frankdevhub.github.io\baidu-seo-sitemap\src\main\resources
2019-04-15 00:39:41,854 [Worker-24] INFO  o.e.m.c.i.embedder.EclipseLogger - Using 'UTF-8' encoding to copy filtered resources.
2019-04-15 00:39:41,854 [Worker-24] INFO  o.e.m.c.i.embedder.EclipseLogger - skip non existing resourceDirectory C:\Users\Administrator\Desktop\githubblog\frankdevhub.github.io\baidu-seo-sitemap\src\test\resources
2019-04-15 00:40:12,915 [Worker-24] INFO  o.e.m.c.i.embedder.EclipseLogger - Using 'UTF-8' encoding to copy filtered resources.
2019-04-15 00:40:12,915 [Worker-24] INFO  o.e.m.c.i.embedder.EclipseLogger - skip non existing resourceDirectory C:\Users\Administrator\Desktop\githubblog\frankdevhub.github.io\baidu-seo-sitemap\src\main\resources
2019-04-15 00:40:12,917 [Worker-24] INFO  o.e.m.c.i.embedder.EclipseLogger - Using 'UTF-8' encoding to copy filtered resources.
2019-04-15 00:40:12,917 [Worker-24] INFO  o.e.m.c.i.embedder.EclipseLogger - skip non existing resourceDirectory C:\Users\Administrator\Desktop\githubblog\frankdevhub.github.io\baidu-seo-sitemap\src\test\resources
2019-04-15 00:40:21,316 [Worker-24] INFO  o.e.m.c.i.embedder.EclipseLogger - Using 'UTF-8' encoding to copy filtered resources.
2019-04-15 00:40:21,317 [Worker-24] INFO  o.e.m.c.i.embedder.EclipseLogger - skip non existing resourceDirectory C:\Users\Administrator\Desktop\githubblog\frankdevhub.github.io\baidu-seo-sitemap\src\main\resources
2019-04-15 00:40:21,319 [Worker-24] INFO  o.e.m.c.i.embedder.EclipseLogger - Using 'UTF-8' encoding to copy filtered resources.
2019-04-15 00:40:21,320 [Worker-24] INFO  o.e.m.c.i.embedder.EclipseLogger - skip non existing resourceDirectory C:\Users\Administrator\Desktop\githubblog\frankdevhub.github.io\baidu-seo-sitemap\src\test\resources
2019-04-15 00:40:34,179 [Worker-26] INFO  o.e.m.c.i.embedder.EclipseLogger - Using 'UTF-8' encoding to copy filtered resources.
2019-04-15 00:40:34,180 [Worker-26] INFO  o.e.m.c.i.embedder.EclipseLogger - skip non existing resourceDirectory C:\Users\Administrator\Desktop\githubblog\frankdevhub.github.io\baidu-seo-sitemap\src\main\resources
2019-04-15 00:40:34,181 [Worker-26] INFO  o.e.m.c.i.embedder.EclipseLogger - Using 'UTF-8' encoding to copy filtered resources.
2019-04-15 00:40:34,182 [Worker-26] INFO  o.e.m.c.i.embedder.EclipseLogger - skip non existing resourceDirectory C:\Users\Administrator\Desktop\githubblog\frankdevhub.github.io\baidu-seo-sitemap\src\test\resources
2019-04-15 00:47:20,320 [Worker-31] INFO  o.e.m.c.i.embedder.EclipseLogger - Using 'UTF-8' encoding to copy filtered resources.
2019-04-15 00:47:20,321 [Worker-31] INFO  o.e.m.c.i.embedder.EclipseLogger - skip non existing resourceDirectory C:\Users\Administrator\Desktop\githubblog\frankdevhub.github.io\baidu-seo-sitemap\src\main\resources
2019-04-15 00:47:20,325 [Worker-31] INFO  o.e.m.c.i.embedder.EclipseLogger - Using 'UTF-8' encoding to copy filtered resources.
2019-04-15 00:47:20,326 [Worker-31] INFO  o.e.m.c.i.embedder.EclipseLogger - skip non existing resourceDirectory C:\Users\Administrator\Desktop\githubblog\frankdevhub.github.io\baidu-seo-sitemap\src\test\resources
2019-04-15 00:47:40,953 [Worker-34] INFO  o.e.m.c.i.embedder.EclipseLogger - Using 'UTF-8' encoding to copy filtered resources.
2019-04-15 00:47:40,954 [Worker-34] INFO  o.e.m.c.i.embedder.EclipseLogger - skip non existing resourceDirectory C:\Users\Administrator\Desktop\githubblog\frankdevhub.github.io\baidu-seo-sitemap\src\main\resources
2019-04-15 00:47:40,955 [Worker-34] INFO  o.e.m.c.i.embedder.EclipseLogger - Using 'UTF-8' encoding to copy filtered resources.
2019-04-15 00:47:40,956 [Worker-34] INFO  o.e.m.c.i.embedder.EclipseLogger - skip non existing resourceDirectory C:\Users\Administrator\Desktop\githubblog\frankdevhub.github.io\baidu-seo-sitemap\src\test\resources
2019-04-15 00:47:56,025 [Worker-34] INFO  o.e.m.c.i.embedder.EclipseLogger - Using 'UTF-8' encoding to copy filtered resources.
2019-04-15 00:47:56,025 [Worker-34] INFO  o.e.m.c.i.embedder.EclipseLogger - skip non existing resourceDirectory C:\Users\Administrator\Desktop\githubblog\frankdevhub.github.io\baidu-seo-sitemap\src\main\resources
2019-04-15 00:47:56,028 [Worker-34] INFO  o.e.m.c.i.embedder.EclipseLogger - Using 'UTF-8' encoding to copy filtered resources.
2019-04-15 00:47:56,029 [Worker-34] INFO  o.e.m.c.i.embedder.EclipseLogger - skip non existing resourceDirectory C:\Users\Administrator\Desktop\githubblog\frankdevhub.github.io\baidu-seo-sitemap\src\test\resources
2019-04-15 00:48:07,339 [Worker-34] INFO  o.e.m.c.i.embedder.EclipseLogger - Using 'UTF-8' encoding to copy filtered resources.
2019-04-15 00:48:07,340 [Worker-34] INFO  o.e.m.c.i.embedder.EclipseLogger - skip non existing resourceDirectory C:\Users\Administrator\Desktop\githubblog\frankdevhub.github.io\baidu-seo-sitemap\src\main\resources
2019-04-15 00:48:07,341 [Worker-34] INFO  o.e.m.c.i.embedder.EclipseLogger - Using 'UTF-8' encoding to copy filtered resources.
2019-04-15 00:48:07,342 [Worker-34] INFO  o.e.m.c.i.embedder.EclipseLogger - skip non existing resourceDirectory C:\Users\Administrator\Desktop\githubblog\frankdevhub.github.io\baidu-seo-sitemap\src\test\resources
2019-04-15 00:48:38,861 [Worker-32] INFO  o.e.m.c.i.embedder.EclipseLogger - Using 'UTF-8' encoding to copy filtered resources.
2019-04-15 00:48:38,862 [Worker-32] INFO  o.e.m.c.i.embedder.EclipseLogger - skip non existing resourceDirectory C:\Users\Administrator\Desktop\githubblog\frankdevhub.github.io\baidu-seo-sitemap\src\main\resources
2019-04-15 00:48:38,864 [Worker-32] INFO  o.e.m.c.i.embedder.EclipseLogger - Using 'UTF-8' encoding to copy filtered resources.
2019-04-15 00:48:38,864 [Worker-32] INFO  o.e.m.c.i.embedder.EclipseLogger - skip non existing resourceDirectory C:\Users\Administrator\Desktop\githubblog\frankdevhub.github.io\baidu-seo-sitemap\src\test\resources
2019-04-15 00:48:47,339 [Worker-32] INFO  o.e.m.c.i.embedder.EclipseLogger - Using 'UTF-8' encoding to copy filtered resources.
2019-04-15 00:48:47,339 [Worker-32] INFO  o.e.m.c.i.embedder.EclipseLogger - skip non existing resourceDirectory C:\Users\Administrator\Desktop\githubblog\frankdevhub.github.io\baidu-seo-sitemap\src\main\resources
2019-04-15 00:48:47,340 [Worker-32] INFO  o.e.m.c.i.embedder.EclipseLogger - Using 'UTF-8' encoding to copy filtered resources.
2019-04-15 00:48:47,341 [Worker-32] INFO  o.e.m.c.i.embedder.EclipseLogger - skip non existing resourceDirectory C:\Users\Administrator\Desktop\githubblog\frankdevhub.github.io\baidu-seo-sitemap\src\test\resources
2019-04-15 00:48:55,733 [Worker-32] INFO  o.e.m.c.i.embedder.EclipseLogger - Using 'UTF-8' encoding to copy filtered resources.
2019-04-15 00:48:55,733 [Worker-32] INFO  o.e.m.c.i.embedder.EclipseLogger - skip non existing resourceDirectory C:\Users\Administrator\Desktop\githubblog\frankdevhub.github.io\baidu-seo-sitemap\src\main\resources
2019-04-15 00:48:55,735 [Worker-32] INFO  o.e.m.c.i.embedder.EclipseLogger - Using 'UTF-8' encoding to copy filtered resources.
2019-04-15 00:48:55,736 [Worker-32] INFO  o.e.m.c.i.embedder.EclipseLogger - skip non existing resourceDirectory C:\Users\Administrator\Desktop\githubblog\frankdevhub.github.io\baidu-seo-sitemap\src\test\resources
2019-04-15 00:49:35,856 [Worker-33] INFO  o.e.m.c.i.embedder.EclipseLogger - Using 'UTF-8' encoding to copy filtered resources.
2019-04-15 00:49:35,856 [Worker-33] INFO  o.e.m.c.i.embedder.EclipseLogger - skip non existing resourceDirectory C:\Users\Administrator\Desktop\githubblog\frankdevhub.github.io\baidu-seo-sitemap\src\main\resources
2019-04-15 00:49:35,857 [Worker-33] INFO  o.e.m.c.i.embedder.EclipseLogger - Using 'UTF-8' encoding to copy filtered resources.
2019-04-15 00:49:35,858 [Worker-33] INFO  o.e.m.c.i.embedder.EclipseLogger - skip non existing resourceDirectory C:\Users\Administrator\Desktop\githubblog\frankdevhub.github.io\baidu-seo-sitemap\src\test\resources
2019-04-15 00:49:38,424 [Worker-22] INFO  o.e.m.c.i.embedder.EclipseLogger - Using 'UTF-8' encoding to copy filtered resources.
2019-04-15 00:49:38,425 [Worker-22] INFO  o.e.m.c.i.embedder.EclipseLogger - skip non existing resourceDirectory C:\Users\Administrator\Desktop\githubblog\frankdevhub.github.io\baidu-seo-sitemap\src\main\resources
2019-04-15 00:49:38,427 [Worker-22] INFO  o.e.m.c.i.embedder.EclipseLogger - Using 'UTF-8' encoding to copy filtered resources.
2019-04-15 00:49:38,427 [Worker-22] INFO  o.e.m.c.i.embedder.EclipseLogger - skip non existing resourceDirectory C:\Users\Administrator\Desktop\githubblog\frankdevhub.github.io\baidu-seo-sitemap\src\test\resources
2019-04-15 00:49:51,614 [Worker-34] INFO  o.e.m.c.i.embedder.EclipseLogger - Using 'UTF-8' encoding to copy filtered resources.
2019-04-15 00:49:51,614 [Worker-34] INFO  o.e.m.c.i.embedder.EclipseLogger - skip non existing resourceDirectory C:\Users\Administrator\Desktop\githubblog\frankdevhub.github.io\baidu-seo-sitemap\src\main\resources
2019-04-15 00:49:51,618 [Worker-34] INFO  o.e.m.c.i.embedder.EclipseLogger - Using 'UTF-8' encoding to copy filtered resources.
2019-04-15 00:49:51,618 [Worker-34] INFO  o.e.m.c.i.embedder.EclipseLogger - skip non existing resourceDirectory C:\Users\Administrator\Desktop\githubblog\frankdevhub.github.io\baidu-seo-sitemap\src\test\resources
2019-04-15 00:51:42,760 [Worker-32] INFO  o.e.m.c.i.embedder.EclipseLogger - Using 'UTF-8' encoding to copy filtered resources.
2019-04-15 00:51:42,761 [Worker-32] INFO  o.e.m.c.i.embedder.EclipseLogger - skip non existing resourceDirectory C:\Users\Administrator\Desktop\githubblog\frankdevhub.github.io\baidu-seo-sitemap\src\main\resources
2019-04-15 00:51:42,762 [Worker-32] INFO  o.e.m.c.i.embedder.EclipseLogger - Using 'UTF-8' encoding to copy filtered resources.
2019-04-15 00:51:42,764 [Worker-32] INFO  o.e.m.c.i.embedder.EclipseLogger - skip non existing resourceDirectory C:\Users\Administrator\Desktop\githubblog\frankdevhub.github.io\baidu-seo-sitemap\src\test\resources
2019-04-15 00:51:57,690 [Worker-35] INFO  o.e.m.c.i.embedder.EclipseLogger - Using 'UTF-8' encoding to copy filtered resources.
2019-04-15 00:51:57,690 [Worker-35] INFO  o.e.m.c.i.embedder.EclipseLogger - skip non existing resourceDirectory C:\Users\Administrator\Desktop\githubblog\frankdevhub.github.io\baidu-seo-sitemap\src\main\resources
2019-04-15 00:51:57,692 [Worker-35] INFO  o.e.m.c.i.embedder.EclipseLogger - Using 'UTF-8' encoding to copy filtered resources.
2019-04-15 00:51:57,694 [Worker-35] INFO  o.e.m.c.i.embedder.EclipseLogger - skip non existing resourceDirectory C:\Users\Administrator\Desktop\githubblog\frankdevhub.github.io\baidu-seo-sitemap\src\test\resources
2019-04-15 00:52:35,824 [Worker-33] INFO  o.e.m.c.i.embedder.EclipseLogger - Using 'UTF-8' encoding to copy filtered resources.
2019-04-15 00:52:35,824 [Worker-33] INFO  o.e.m.c.i.embedder.EclipseLogger - skip non existing resourceDirectory C:\Users\Administrator\Desktop\githubblog\frankdevhub.github.io\baidu-seo-sitemap\src\main\resources
2019-04-15 00:52:35,826 [Worker-33] INFO  o.e.m.c.i.embedder.EclipseLogger - Using 'UTF-8' encoding to copy filtered resources.
2019-04-15 00:52:35,826 [Worker-33] INFO  o.e.m.c.i.embedder.EclipseLogger - skip non existing resourceDirectory C:\Users\Administrator\Desktop\githubblog\frankdevhub.github.io\baidu-seo-sitemap\src\test\resources
2019-04-15 00:52:51,300 [Worker-22] INFO  o.e.m.c.i.embedder.EclipseLogger - Using 'UTF-8' encoding to copy filtered resources.
2019-04-15 00:52:51,300 [Worker-22] INFO  o.e.m.c.i.embedder.EclipseLogger - skip non existing resourceDirectory C:\Users\Administrator\Desktop\githubblog\frankdevhub.github.io\baidu-seo-sitemap\src\main\resources
2019-04-15 00:52:51,303 [Worker-22] INFO  o.e.m.c.i.embedder.EclipseLogger - Using 'UTF-8' encoding to copy filtered resources.
2019-04-15 00:52:51,304 [Worker-22] INFO  o.e.m.c.i.embedder.EclipseLogger - skip non existing resourceDirectory C:\Users\Administrator\Desktop\githubblog\frankdevhub.github.io\baidu-seo-sitemap\src\test\resources
2019-04-15 00:53:08,371 [Worker-35] INFO  o.e.m.c.i.embedder.EclipseLogger - Using 'UTF-8' encoding to copy filtered resources.
2019-04-15 00:53:08,371 [Worker-35] INFO  o.e.m.c.i.embedder.EclipseLogger - skip non existing resourceDirectory C:\Users\Administrator\Desktop\githubblog\frankdevhub.github.io\baidu-seo-sitemap\src\main\resources
2019-04-15 00:53:08,373 [Worker-35] INFO  o.e.m.c.i.embedder.EclipseLogger - Using 'UTF-8' encoding to copy filtered resources.
2019-04-15 00:53:08,373 [Worker-35] INFO  o.e.m.c.i.embedder.EclipseLogger - skip non existing resourceDirectory C:\Users\Administrator\Desktop\githubblog\frankdevhub.github.io\baidu-seo-sitemap\src\test\resources
2019-04-15 00:53:29,571 [Worker-22] INFO  o.e.m.c.i.embedder.EclipseLogger - Using 'UTF-8' encoding to copy filtered resources.
2019-04-15 00:53:29,571 [Worker-22] INFO  o.e.m.c.i.embedder.EclipseLogger - skip non existing resourceDirectory C:\Users\Administrator\Desktop\githubblog\frankdevhub.github.io\baidu-seo-sitemap\src\main\resources
2019-04-15 00:53:29,573 [Worker-22] INFO  o.e.m.c.i.embedder.EclipseLogger - Using 'UTF-8' encoding to copy filtered resources.
2019-04-15 00:53:29,573 [Worker-22] INFO  o.e.m.c.i.embedder.EclipseLogger - skip non existing resourceDirectory C:\Users\Administrator\Desktop\githubblog\frankdevhub.github.io\baidu-seo-sitemap\src\test\resources
2019-04-15 00:53:42,367 [Worker-31] INFO  o.e.m.c.i.embedder.EclipseLogger - Using 'UTF-8' encoding to copy filtered resources.
2019-04-15 00:53:42,367 [Worker-31] INFO  o.e.m.c.i.embedder.EclipseLogger - skip non existing resourceDirectory C:\Users\Administrator\Desktop\githubblog\frankdevhub.github.io\baidu-seo-sitemap\src\main\resources
2019-04-15 00:53:42,369 [Worker-31] INFO  o.e.m.c.i.embedder.EclipseLogger - Using 'UTF-8' encoding to copy filtered resources.
2019-04-15 00:53:42,370 [Worker-31] INFO  o.e.m.c.i.embedder.EclipseLogger - skip non existing resourceDirectory C:\Users\Administrator\Desktop\githubblog\frankdevhub.github.io\baidu-seo-sitemap\src\test\resources
2019-04-15 00:54:09,648 [Worker-37] INFO  o.e.m.c.i.embedder.EclipseLogger - Using 'UTF-8' encoding to copy filtered resources.
2019-04-15 00:54:09,648 [Worker-37] INFO  o.e.m.c.i.embedder.EclipseLogger - skip non existing resourceDirectory C:\Users\Administrator\Desktop\githubblog\frankdevhub.github.io\baidu-seo-sitemap\src\main\resources
2019-04-15 00:54:09,650 [Worker-37] INFO  o.e.m.c.i.embedder.EclipseLogger - Using 'UTF-8' encoding to copy filtered resources.
2019-04-15 00:54:09,650 [Worker-37] INFO  o.e.m.c.i.embedder.EclipseLogger - skip non existing resourceDirectory C:\Users\Administrator\Desktop\githubblog\frankdevhub.github.io\baidu-seo-sitemap\src\test\resources
2019-04-15 00:54:24,058 [Worker-37] INFO  o.e.m.c.i.embedder.EclipseLogger - Using 'UTF-8' encoding to copy filtered resources.
2019-04-15 00:54:24,059 [Worker-37] INFO  o.e.m.c.i.embedder.EclipseLogger - skip non existing resourceDirectory C:\Users\Administrator\Desktop\githubblog\frankdevhub.github.io\baidu-seo-sitemap\src\main\resources
2019-04-15 00:54:24,061 [Worker-37] INFO  o.e.m.c.i.embedder.EclipseLogger - Using 'UTF-8' encoding to copy filtered resources.
2019-04-15 00:54:24,061 [Worker-37] INFO  o.e.m.c.i.embedder.EclipseLogger - skip non existing resourceDirectory C:\Users\Administrator\Desktop\githubblog\frankdevhub.github.io\baidu-seo-sitemap\src\test\resources
2019-04-15 00:55:27,592 [Worker-38] INFO  o.e.m.c.i.l.LifecycleMappingFactory - Using org.eclipse.m2e.jdt.JarLifecycleMapping lifecycle mapping for MavenProject: com-frankdevhub-site:baidu-seo-sitemap:0.0.1-SNAPSHOT @ C:\Users\Administrator\Desktop\githubblog\frankdevhub.github.io\baidu-seo-sitemap\pom.xml.
2019-04-15 00:55:28,266 [Worker-38] INFO  o.e.m.c.i.e.AbstractTransferListenerAdapter - Downloading http://maven.aliyun.com/nexus/content/groups/public/org/jdom/jdom2/2.0.6/jdom2-2.0.6.pom
2019-04-15 00:55:28,452 [Worker-38] INFO  o.e.m.c.i.e.AbstractTransferListenerAdapter - Downloaded http://maven.aliyun.com/nexus/content/groups/public/org/jdom/jdom2/2.0.6/jdom2-2.0.6.pom
2019-04-15 00:55:28,634 [Worker-38] INFO  o.e.m.c.i.e.AbstractTransferListenerAdapter - Downloading http://maven.aliyun.com/nexus/content/groups/public/org/jdom/jdom2/2.0.6/jdom2-2.0.6.jar
2019-04-15 00:55:29,076 [Worker-38] INFO  o.e.m.c.i.e.AbstractTransferListenerAdapter - Downloaded http://maven.aliyun.com/nexus/content/groups/public/org/jdom/jdom2/2.0.6/jdom2-2.0.6.jar
2019-04-15 00:55:29,677 [Worker-38] INFO  o.e.m.c.i.embedder.EclipseLogger - Using 'UTF-8' encoding to copy filtered resources.
2019-04-15 00:55:29,678 [Worker-38] INFO  o.e.m.c.i.embedder.EclipseLogger - skip non existing resourceDirectory C:\Users\Administrator\Desktop\githubblog\frankdevhub.github.io\baidu-seo-sitemap\src\main\resources
2019-04-15 00:55:29,680 [Worker-38] INFO  o.e.m.c.i.embedder.EclipseLogger - Using 'UTF-8' encoding to copy filtered resources.
2019-04-15 00:55:29,680 [Worker-38] INFO  o.e.m.c.i.embedder.EclipseLogger - skip non existing resourceDirectory C:\Users\Administrator\Desktop\githubblog\frankdevhub.github.io\baidu-seo-sitemap\src\test\resources
2019-04-15 00:55:31,999 [Worker-22] INFO  o.e.m.c.i.l.LifecycleMappingFactory - Using org.eclipse.m2e.jdt.JarLifecycleMapping lifecycle mapping for MavenProject: com-frankdevhub-site:baidu-seo-sitemap:0.0.1-SNAPSHOT @ C:\Users\Administrator\Desktop\githubblog\frankdevhub.github.io\baidu-seo-sitemap\pom.xml.
2019-04-15 00:55:32,699 [Worker-22] INFO  o.e.m.c.i.embedder.EclipseLogger - Using 'UTF-8' encoding to copy filtered resources.
2019-04-15 00:55:32,700 [Worker-22] INFO  o.e.m.c.i.embedder.EclipseLogger - skip non existing resourceDirectory C:\Users\Administrator\Desktop\githubblog\frankdevhub.github.io\baidu-seo-sitemap\src\main\resources
